<?xml version="1.0" encoding="UTF-8"?>
<!-- Generated by org.testng.reporters.JUnitReportReporter -->
<testsuite hostname="human-PC" name="Testcase.APIpaymentListTest" tests="1" failures="0" timestamp="1 Apr 2016 02:27:17 GMT" time="1.780" errors="0">
  <testcase name="paymentListTest" time="1.780" classname="Testcase.APIpaymentListTest"/>
</testsuite> <!-- Testcase.APIpaymentListTest -->
