<?xml version="1.0" encoding="UTF-8"?>
<!-- Generated by org.testng.reporters.JUnitReportReporter -->
<testsuite hostname="human-PC" name="Testcase.APIsaveCatTest" tests="1" failures="0" timestamp="1 Apr 2016 02:27:17 GMT" time="3.644" errors="0">
  <testcase name="saveCatTest" time="3.644" classname="Testcase.APIsaveCatTest"/>
</testsuite> <!-- Testcase.APIsaveCatTest -->
