<?xml version="1.0" encoding="UTF-8"?>
<!-- Generated by org.testng.reporters.JUnitReportReporter -->
<testsuite hostname="human-PC" name="Testcase.APIqueryVipStoreRuleTest" tests="1" failures="0" timestamp="1 Apr 2016 02:27:17 GMT" time="0.867" errors="0">
  <testcase name="queryVipStoreRuleTest" time="0.867" classname="Testcase.APIqueryVipStoreRuleTest"/>
</testsuite> <!-- Testcase.APIqueryVipStoreRuleTest -->
