<?xml version="1.0" encoding="UTF-8"?>
<!-- Generated by org.testng.reporters.JUnitReportReporter -->
<testsuite hostname="human-PC" name="Testcase.APIqueryEmpPagerTest" tests="1" failures="0" timestamp="1 Apr 2016 02:27:17 GMT" time="2.139" errors="0">
  <testcase name="queryEmpPagerTest" time="2.139" classname="Testcase.APIqueryEmpPagerTest"/>
</testsuite> <!-- Testcase.APIqueryEmpPagerTest -->
