<?xml version="1.0" encoding="UTF-8"?>
<!-- Generated by org.testng.reporters.JUnitReportReporter -->
<testsuite hostname="human-PC" name="Testcase.APIupdateVipStoreRuleDetailTest" tests="1" failures="0" timestamp="1 Apr 2016 02:27:17 GMT" time="2.991" errors="0">
  <testcase name="updateVipStoreRuleDetailTest" time="2.991" classname="Testcase.APIupdateVipStoreRuleDetailTest"/>
</testsuite> <!-- Testcase.APIupdateVipStoreRuleDetailTest -->
