<?xml version="1.0" encoding="UTF-8"?>
<!-- Generated by org.testng.reporters.JUnitReportReporter -->
<testsuite hostname="human-PC" name="Testcase.APIdelVipTypeTest" tests="1" failures="0" timestamp="1 Apr 2016 02:27:17 GMT" time="1.477" errors="0">
  <testcase name="delVipTypeTest" time="1.477" classname="Testcase.APIdelVipTypeTest"/>
</testsuite> <!-- Testcase.APIdelVipTypeTest -->
