<?xml version="1.0" encoding="UTF-8"?>
<!-- Generated by org.testng.reporters.JUnitReportReporter -->
<testsuite hostname="human-PC" name="Testcase.APIqueryGoodsLibraryTest" tests="1" failures="0" timestamp="1 Apr 2016 02:27:17 GMT" time="0.324" errors="0">
  <testcase name="queryGoodsLibraryTest" time="0.324" classname="Testcase.APIqueryGoodsLibraryTest"/>
</testsuite> <!-- Testcase.APIqueryGoodsLibraryTest -->
