<?xml version="1.0" encoding="UTF-8"?>
<!-- Generated by org.testng.reporters.JUnitReportReporter -->
<testsuite hostname="human-PC" name="Testcase.APIupdateIntegralRuleTest" tests="1" failures="0" timestamp="1 Apr 2016 02:27:17 GMT" time="4.223" errors="0">
  <testcase name="updateIntegralRuleTest" time="4.223" classname="Testcase.APIupdateIntegralRuleTest"/>
</testsuite> <!-- Testcase.APIupdateIntegralRuleTest -->
