<?xml version="1.0" encoding="UTF-8"?>
<!-- Generated by org.testng.reporters.JUnitReportReporter -->
<testsuite hostname="human-PC" name="Testcase.APIqueryRolePagerTest" tests="1" failures="0" timestamp="1 Apr 2016 02:27:17 GMT" time="0.401" errors="0">
  <testcase name="queryRolePagerTest" time="0.401" classname="Testcase.APIqueryRolePagerTest"/>
</testsuite> <!-- Testcase.APIqueryRolePagerTest -->
