<?xml version="1.0" encoding="UTF-8"?>
<!-- Generated by org.testng.reporters.JUnitReportReporter -->
<testsuite hostname="human-PC" name="Testcase.APIqryVipListTest" tests="1" failures="0" timestamp="1 Apr 2016 02:27:17 GMT" time="3.283" errors="0">
  <testcase name="qryVipListTest" time="3.283" classname="Testcase.APIqryVipListTest"/>
</testsuite> <!-- Testcase.APIqryVipListTest -->
