<?xml version="1.0" encoding="UTF-8"?>
<!-- Generated by org.testng.reporters.JUnitReportReporter -->
<testsuite hostname="human-PC" name="Testcase.APIdelGoodsTest" tests="1" failures="0" timestamp="1 Apr 2016 02:27:17 GMT" time="0.976" errors="0">
  <testcase name="delGoodsTest" time="0.976" classname="Testcase.APIdelGoodsTest"/>
</testsuite> <!-- Testcase.APIdelGoodsTest -->
