<?xml version="1.0" encoding="UTF-8"?>
<!-- Generated by org.testng.reporters.JUnitReportReporter -->
<testsuite hostname="human-PC" name="Testcase.APIresetPasswordForLocalTest" tests="1" failures="0" timestamp="1 Apr 2016 02:27:17 GMT" time="2.050" errors="0">
  <testcase name="resetPasswordForLocalTest" time="2.050" classname="Testcase.APIresetPasswordForLocalTest"/>
</testsuite> <!-- Testcase.APIresetPasswordForLocalTest -->
