<?xml version="1.0" encoding="UTF-8"?>
<!-- Generated by org.testng.reporters.JUnitReportReporter -->
<testsuite hostname="human-PC" name="Testcase.APIqueryIntegralRuleTest" tests="1" failures="0" timestamp="1 Apr 2016 02:27:17 GMT" time="0.525" errors="0">
  <testcase name="queryIntegralRuleTest" time="0.525" classname="Testcase.APIqueryIntegralRuleTest"/>
</testsuite> <!-- Testcase.APIqueryIntegralRuleTest -->
