<?xml version="1.0" encoding="UTF-8"?>
<!-- Generated by org.testng.reporters.JUnitReportReporter -->
<testsuite hostname="human-PC" name="Testcase.APIqueryVipTypeListTest" tests="1" failures="0" timestamp="1 Apr 2016 02:27:17 GMT" time="0.599" errors="0">
  <testcase name="queryVipTypeListTest" time="0.599" classname="Testcase.APIqueryVipTypeListTest"/>
</testsuite> <!-- Testcase.APIqueryVipTypeListTest -->
