<?xml version="1.0" encoding="UTF-8"?>
<!-- Generated by org.testng.reporters.JUnitReportReporter -->
<testsuite hostname="human-PC" name="Testcase.APIuserLoginTest" tests="1" failures="0" timestamp="2 Mar 2016 08:59:02 GMT" time="1.112" errors="0">
  <testcase name="userLoginTest" time="1.112" classname="Testcase.APIuserLoginTest"/>
</testsuite> <!-- Testcase.APIuserLoginTest -->
