<?xml version="1.0" encoding="UTF-8"?>
<!-- Generated by org.testng.reporters.JUnitReportReporter -->
<testsuite hostname="human-PC" name="Testcase.APIisEnablePaymentTest" tests="1" failures="0" timestamp="1 Apr 2016 02:27:17 GMT" time="1.676" errors="0">
  <testcase name="isEnablePaymentTest" time="1.676" classname="Testcase.APIisEnablePaymentTest"/>
</testsuite> <!-- Testcase.APIisEnablePaymentTest -->
