<?xml version="1.0" encoding="UTF-8"?>
<!-- Generated by org.testng.reporters.JUnitReportReporter -->
<testsuite hostname="human-PC" name="Testcase.APIaddOrModifyVipTypeTest" tests="1" failures="0" timestamp="1 Apr 2016 02:27:17 GMT" time="8.392" errors="0">
  <testcase name="addOrModifyVipTypeTest" time="8.392" classname="Testcase.APIaddOrModifyVipTypeTest"/>
</testsuite> <!-- Testcase.APIaddOrModifyVipTypeTest -->
