<?xml version="1.0" encoding="UTF-8"?>
<!-- Generated by org.testng.reporters.JUnitReportReporter -->
<testsuite hostname="human-PC" name="Testcase.APIsaveVipStoreRuleDetailTest" tests="1" failures="0" timestamp="1 Apr 2016 02:27:17 GMT" time="5.297" errors="0">
  <testcase name="saveVipStoreRuleDetailTest" time="5.297" classname="Testcase.APIsaveVipStoreRuleDetailTest"/>
</testsuite> <!-- Testcase.APIsaveVipStoreRuleDetailTest -->
