<?xml version="1.0" encoding="UTF-8"?>
<!-- Generated by org.testng.reporters.JUnitReportReporter -->
<testsuite hostname="human-PC" name="Testcase.APIqueryGoodsByIdTest" tests="1" failures="0" timestamp="1 Apr 2016 02:27:17 GMT" time="0.514" errors="0">
  <testcase name="queryGoodsByIdTest" time="0.514" classname="Testcase.APIqueryGoodsByIdTest"/>
</testsuite> <!-- Testcase.APIqueryGoodsByIdTest -->
